3a14 initialise_clink          109 ---- 2021/05/24 07:56:03.829 -------------------------------------------------
3a14 initialise_clink          110 Host process is 'cmd.exe'
3a14 initialise_clink          124 Windows version 10.0.19042 (x64)
3a14 initialise_clink          127 Clink version 1.1.45.1c3985 (x64)
3a14 hook_setter::hook_setter   36 >>> Started hook transaction.
3a14 hook_iat                   53 Attempting to hook IAT for module 00007FF7D6970000
3a14 hook_iat                   54 Target is (null),SetEnvironmentVariableW (by_name=1)
3a14 pe_info::iterate_imports  154 Checking imports in 'msvcrt.dll'
3a14 pe_info::iterate_imports  154 Checking imports in 'ntdll.dll'
3a14 pe_info::iterate_imports  154 Checking imports in 'api-ms-win-core-kernel32-legacy-l1-1-0.dll'
3a14 pe_info::iterate_imports  154 Checking imports in 'api-ms-win-core-libraryloader-l1-2-0.dll'
3a14 pe_info::iterate_imports  154 Checking imports in 'api-ms-win-core-synch-l1-1-0.dll'
3a14 pe_info::iterate_imports  154 Checking imports in 'api-ms-win-core-heap-l1-1-0.dll'
3a14 pe_info::iterate_imports  154 Checking imports in 'api-ms-win-core-errorhandling-l1-1-0.dll'
3a14 pe_info::iterate_imports  154 Checking imports in 'api-ms-win-core-processthreads-l1-1-0.dll'
3a14 pe_info::iterate_imports  154 Checking imports in 'api-ms-win-core-localization-l1-2-0.dll'
3a14 pe_info::iterate_imports  154 Checking imports in 'api-ms-win-core-debug-l1-1-0.dll'
3a14 pe_info::iterate_imports  154 Checking imports in 'api-ms-win-core-handle-l1-1-0.dll'
3a14 pe_info::iterate_imports  154 Checking imports in 'api-ms-win-core-memory-l1-1-0.dll'
3a14 pe_info::iterate_imports  154 Checking imports in 'api-ms-win-core-console-l1-1-0.dll'
3a14 pe_info::iterate_imports  154 Checking imports in 'api-ms-win-core-file-l1-1-0.dll'
3a14 pe_info::iterate_imports  154 Checking imports in 'api-ms-win-core-string-l1-1-0.dll'
3a14 pe_info::iterate_imports  154 Checking imports in 'api-ms-win-core-processenvironment-l1-1-0.dll'
3a14 hook_iat                   81 Found import at 00007FF7D69A3860 (value = 00007FF84A9FBDE0)
3a14 hook_iat                   53 Attempting to hook IAT for module 00007FF83EA90000
3a14 hook_iat                   54 Target is (null),SetEnvironmentVariableW (by_name=1)
3a14 pe_info::iterate_imports  154 Checking imports in 'VERSION.dll'
3a14 pe_info::iterate_imports  154 Checking imports in 'SHLWAPI.dll'
3a14 pe_info::iterate_imports  154 Checking imports in 'RPCRT4.dll'
3a14 pe_info::iterate_imports  154 Checking imports in 'dbghelp.dll'
3a14 pe_info::iterate_imports  154 Checking imports in 'KERNEL32.dll'
3a14 hook_iat                   81 Found import at 00007FF83EB72208 (value = 00007FF84B2809C0)
3a14 hook_iat                   53 Attempting to hook IAT for module 00007FF7D6970000
3a14 hook_iat                   54 Target is (null),WriteConsoleW (by_name=1)
3a14 pe_info::iterate_imports  154 Checking imports in 'msvcrt.dll'
3a14 pe_info::iterate_imports  154 Checking imports in 'ntdll.dll'
3a14 pe_info::iterate_imports  154 Checking imports in 'api-ms-win-core-kernel32-legacy-l1-1-0.dll'
3a14 pe_info::iterate_imports  154 Checking imports in 'api-ms-win-core-libraryloader-l1-2-0.dll'
3a14 pe_info::iterate_imports  154 Checking imports in 'api-ms-win-core-synch-l1-1-0.dll'
3a14 pe_info::iterate_imports  154 Checking imports in 'api-ms-win-core-heap-l1-1-0.dll'
3a14 pe_info::iterate_imports  154 Checking imports in 'api-ms-win-core-errorhandling-l1-1-0.dll'
3a14 pe_info::iterate_imports  154 Checking imports in 'api-ms-win-core-processthreads-l1-1-0.dll'
3a14 pe_info::iterate_imports  154 Checking imports in 'api-ms-win-core-localization-l1-2-0.dll'
3a14 pe_info::iterate_imports  154 Checking imports in 'api-ms-win-core-debug-l1-1-0.dll'
3a14 pe_info::iterate_imports  154 Checking imports in 'api-ms-win-core-handle-l1-1-0.dll'
3a14 pe_info::iterate_imports  154 Checking imports in 'api-ms-win-core-memory-l1-1-0.dll'
3a14 pe_info::iterate_imports  154 Checking imports in 'api-ms-win-core-console-l1-1-0.dll'
3a14 hook_iat                   81 Found import at 00007FF7D69A34F8 (value = 00007FF84A9A1500)
3a14 hook_iat                   53 Attempting to hook IAT for module 00007FF83EA90000
3a14 hook_iat                   54 Target is (null),WriteConsoleW (by_name=1)
3a14 pe_info::iterate_imports  154 Checking imports in 'VERSION.dll'
3a14 pe_info::iterate_imports  154 Checking imports in 'SHLWAPI.dll'
3a14 pe_info::iterate_imports  154 Checking imports in 'RPCRT4.dll'
3a14 pe_info::iterate_imports  154 Checking imports in 'dbghelp.dll'
3a14 pe_info::iterate_imports  154 Checking imports in 'KERNEL32.dll'
3a14 hook_iat                   81 Found import at 00007FF83EB720E8 (value = 00007FF84B2853C0)
3a14 hook_iat                   53 Attempting to hook IAT for module 00007FF7D6970000
3a14 hook_iat                   54 Target is (null),GetEnvironmentVariableW (by_name=1)
3a14 pe_info::iterate_imports  154 Checking imports in 'msvcrt.dll'
3a14 pe_info::iterate_imports  154 Checking imports in 'ntdll.dll'
3a14 pe_info::iterate_imports  154 Checking imports in 'api-ms-win-core-kernel32-legacy-l1-1-0.dll'
3a14 pe_info::iterate_imports  154 Checking imports in 'api-ms-win-core-libraryloader-l1-2-0.dll'
3a14 pe_info::iterate_imports  154 Checking imports in 'api-ms-win-core-synch-l1-1-0.dll'
3a14 pe_info::iterate_imports  154 Checking imports in 'api-ms-win-core-heap-l1-1-0.dll'
3a14 pe_info::iterate_imports  154 Checking imports in 'api-ms-win-core-errorhandling-l1-1-0.dll'
3a14 pe_info::iterate_imports  154 Checking imports in 'api-ms-win-core-processthreads-l1-1-0.dll'
3a14 pe_info::iterate_imports  154 Checking imports in 'api-ms-win-core-localization-l1-2-0.dll'
3a14 pe_info::iterate_imports  154 Checking imports in 'api-ms-win-core-debug-l1-1-0.dll'
3a14 pe_info::iterate_imports  154 Checking imports in 'api-ms-win-core-handle-l1-1-0.dll'
3a14 pe_info::iterate_imports  154 Checking imports in 'api-ms-win-core-memory-l1-1-0.dll'
3a14 pe_info::iterate_imports  154 Checking imports in 'api-ms-win-core-console-l1-1-0.dll'
3a14 pe_info::iterate_imports  154 Checking imports in 'api-ms-win-core-file-l1-1-0.dll'
3a14 pe_info::iterate_imports  154 Checking imports in 'api-ms-win-core-string-l1-1-0.dll'
3a14 pe_info::iterate_imports  154 Checking imports in 'api-ms-win-core-processenvironment-l1-1-0.dll'
3a14 hook_iat                   81 Found import at 00007FF7D69A3880 (value = 00007FF84A9BA780)
3a14 hook_iat                   53 Attempting to hook IAT for module 00007FF83EA90000
3a14 hook_iat                   54 Target is (null),GetEnvironmentVariableW (by_name=1)
3a14 pe_info::iterate_imports  154 Checking imports in 'VERSION.dll'
3a14 pe_info::iterate_imports  154 Checking imports in 'SHLWAPI.dll'
3a14 pe_info::iterate_imports  154 Checking imports in 'RPCRT4.dll'
3a14 pe_info::iterate_imports  154 Checking imports in 'dbghelp.dll'
3a14 pe_info::iterate_imports  154 Checking imports in 'KERNEL32.dll'
3a14 hook_iat                   81 Found import at 00007FF83EB72200 (value = 00007FF84B27B620)
3a14 hook_setter::commit        88 <<< Hook transaction committed.
3a14 hook_iat                   53 Attempting to hook IAT for module 00007FF7D6970000
3a14 hook_iat                   54 Target is (null),GetEnvironmentVariableW (by_name=1)
3a14 pe_info::iterate_imports  154 Checking imports in 'msvcrt.dll'
3a14 pe_info::iterate_imports  154 Checking imports in 'ntdll.dll'
3a14 pe_info::iterate_imports  154 Checking imports in 'api-ms-win-core-kernel32-legacy-l1-1-0.dll'
3a14 pe_info::iterate_imports  154 Checking imports in 'api-ms-win-core-libraryloader-l1-2-0.dll'
3a14 pe_info::iterate_imports  154 Checking imports in 'api-ms-win-core-synch-l1-1-0.dll'
3a14 pe_info::iterate_imports  154 Checking imports in 'api-ms-win-core-heap-l1-1-0.dll'
3a14 pe_info::iterate_imports  154 Checking imports in 'api-ms-win-core-errorhandling-l1-1-0.dll'
3a14 pe_info::iterate_imports  154 Checking imports in 'api-ms-win-core-processthreads-l1-1-0.dll'
3a14 pe_info::iterate_imports  154 Checking imports in 'api-ms-win-core-localization-l1-2-0.dll'
3a14 pe_info::iterate_imports  154 Checking imports in 'api-ms-win-core-debug-l1-1-0.dll'
3a14 pe_info::iterate_imports  154 Checking imports in 'api-ms-win-core-handle-l1-1-0.dll'
3a14 pe_info::iterate_imports  154 Checking imports in 'api-ms-win-core-memory-l1-1-0.dll'
3a14 pe_info::iterate_imports  154 Checking imports in 'api-ms-win-core-console-l1-1-0.dll'
3a14 pe_info::iterate_imports  154 Checking imports in 'api-ms-win-core-file-l1-1-0.dll'
3a14 pe_info::iterate_imports  154 Checking imports in 'api-ms-win-core-string-l1-1-0.dll'
3a14 pe_info::iterate_imports  154 Checking imports in 'api-ms-win-core-processenvironment-l1-1-0.dll'
3a14 hook_iat                   81 Found import at 00007FF7D69A3880 (value = 00007FF83EAA0D30)
3a14 hook_setter::hook_setter   36 >>> Started hook transaction.
3a14 hook_setter::add_detour   119 Attempting to hook ReadConsoleW in kernelbase.dll with 00007FF83EAA10C0.
3a14 add_repair_iat_node       135 Attempting to hook IAT for module 00007FF83EA90000.
3a14 add_repair_iat_node       143 Target is ReadConsoleW (by name).
3a14 pe_info::iterate_imports  154 Checking imports in 'VERSION.dll'
3a14 pe_info::iterate_imports  154 Checking imports in 'SHLWAPI.dll'
3a14 pe_info::iterate_imports  154 Checking imports in 'RPCRT4.dll'
3a14 pe_info::iterate_imports  154 Checking imports in 'dbghelp.dll'
3a14 pe_info::iterate_imports  154 Checking imports in 'KERNEL32.dll'
3a14 add_repair_iat_node       168 Found import at 00007FF83EB721F8 (value is 00007FF84B285370).
3a14 hook_setter::commit        88 <<< Hook transaction committed.
3a14 reset_handle              140 resetting mismatched stdout handle
3a14 win_screen_buffer::begin  184 Using native terminal support; found 'conemuhk64.dll'.
3a14 history_db::initialise   1061 master bank ctag: |CTAG_1621211021_47498046_10272_0
3a14 history_db::compact      1231 History:  7 active, 6 deleted
3a14 history_db::compact      1231 History:  8 active, 6 deleted
3a14 history_db::compact      1231 History:  9 active, 6 deleted
